<?xml version="1.0" encoding="UTF-8"?>
<robot generator="Robot 4.1.3 (Python 3.9.0 on win32)" generated="20220105 10:38:06.073" rpa="false" schemaversion="2">
<suite id="s1" name="Login" source="C:\AppSSG\1.8.4QA.apk\tests\login.robot">
<test id="s1-t1" name="Login Acess">
<kw name="Open Session" library="base" type="SETUP">
<kw name="Open Application" library="AppiumLibrary">
<arg>http://localhost:4723/wd/hub</arg>
<arg>automationName=UiAutomator2</arg>
<arg>platformName=Android</arg>
<arg>deviceName=Android Emulator</arg>
<arg>app=${EXECDIR}/app/1.8.4QA.apk</arg>
<doc>Opens a new application to given Appium server.
Capabilities of appium server, Android and iOS,
Please check https://github.com/appium/appium/blob/master/docs/en/writing-running-appium/server-args.md
| *Option*            | *Man.* | *Description*     |
| remote_url          | Yes    | Appium server url |
| alias               | no     | alias             |</doc>
<status status="PASS" starttime="20220105 10:38:06.369" endtime="20220105 10:38:17.785"/>
</kw>
<kw name="Wait Until Page Contains" library="AppiumLibrary">
<arg>Usuário</arg>
<arg>5</arg>
<doc>Waits until `text` appears on current page.</doc>
<status status="PASS" starttime="20220105 10:38:17.785" endtime="20220105 10:38:20.657"/>
</kw>
<status status="PASS" starttime="20220105 10:38:06.369" endtime="20220105 10:38:20.658"/>
</kw>
<kw name="Login" library="base">
<kw name="Input Text" library="AppiumLibrary">
<arg>${LOGIN}</arg>
<arg>kevin.blair</arg>
<doc>Types the given `text` into text field identified by `locator`.</doc>
<msg timestamp="20220105 10:38:20.661" level="INFO">Typing text 'kevin.blair' into text field 'class=android.widget.EditText'</msg>
<status status="PASS" starttime="20220105 10:38:20.659" endtime="20220105 10:38:20.787"/>
</kw>
<kw name="Input Text" library="AppiumLibrary">
<arg>${PASSWORD}</arg>
<arg>Bke1908@</arg>
<doc>Types the given `text` into text field identified by `locator`.</doc>
<msg timestamp="20220105 10:38:20.789" level="INFO">Typing text 'Bke1908@' into text field 'xpath=/hierarchy/android.widget.FrameLayout/android.widget.LinearLayout/android.widget.FrameLayout/android.widget.LinearLayout/android.widget.FrameLayout/android.widget.FrameLayout[3]/android.widget.FrameLayout/android.widget.FrameLayout/android.view.ViewGroup/android.view.ViewGroup[2]/android.widget.EditText'</msg>
<status status="PASS" starttime="20220105 10:38:20.787" endtime="20220105 10:38:22.040"/>
</kw>
<kw name="Click Text" library="AppiumLibrary">
<arg>ACESSAR</arg>
<doc>Click text identified by ``text``.</doc>
<status status="PASS" starttime="20220105 10:38:22.040" endtime="20220105 10:38:22.614"/>
</kw>
<status status="PASS" starttime="20220105 10:38:20.658" endtime="20220105 10:38:22.615"/>
</kw>
<kw name="Wait Until Page Contains" library="AppiumLibrary">
<arg>Pendências</arg>
<doc>Waits until `text` appears on current page.</doc>
<status status="PASS" starttime="20220105 10:38:22.616" endtime="20220105 10:38:25.369"/>
</kw>
<kw name="Sleep" library="BuiltIn">
<arg>3</arg>
<doc>Pauses the test executed for the given time.</doc>
<msg timestamp="20220105 10:38:28.374" level="INFO">Slept 3 seconds</msg>
<status status="PASS" starttime="20220105 10:38:25.370" endtime="20220105 10:38:28.374"/>
</kw>
<kw name="Close Session" library="base" type="TEARDOWN">
<kw name="Close Application" library="AppiumLibrary">
<doc>Closes the current application and also close webdriver session.</doc>
<status status="PASS" starttime="20220105 10:38:28.378" endtime="20220105 10:38:29.256"/>
</kw>
<status status="PASS" starttime="20220105 10:38:28.376" endtime="20220105 10:38:29.257"/>
</kw>
<tag>lg</tag>
<status status="PASS" starttime="20220105 10:38:06.368" endtime="20220105 10:38:29.257"/>
</test>
<status status="PASS" starttime="20220105 10:38:06.075" endtime="20220105 10:38:29.259"/>
</suite>
<statistics>
<total>
<stat pass="1" fail="0" skip="0">All Tests</stat>
</total>
<tag>
<stat pass="1" fail="0" skip="0">lg</stat>
</tag>
<suite>
<stat pass="1" fail="0" skip="0" id="s1" name="Login">Login</stat>
</suite>
</statistics>
<errors>
</errors>
</robot>
